<?xml version="1.0" encoding="UTF-8"?>
<!-- Generated by org.testng.reporters.JUnitReportReporter -->
<testsuite hostname="DESKTOP-JCHKEUK" failures="0" tests="2" name="FrameworksNG.LearnDataProvider" time="25.934" errors="0" timestamp="21 Mar 2023 11:33:53 GMT" skipped="0">
  <testcase classname="FrameworksNG.LearnDataProvider" name="letCodelogin" time="8.898"/>
  <testcase classname="FrameworksNG.LearnDataProvider" name="letCodelogin" time="17.036"/>
</testsuite> <!-- FrameworksNG.LearnDataProvider -->
