<?xml version="1.0" encoding="UTF-8"?>
<!-- Generated by org.testng.reporters.JUnitReportReporter -->
<testsuite hostname="DESKTOP-JCHKEUK" failures="0" tests="4" name="FrameworksNG.groups" time="0.014" errors="0" timestamp="26 Feb 2023 08:21:57 GMT" skipped="0">
  <testcase classname="FrameworksNG.groups" name="Bundesliga" time="0.001"/>
  <testcase classname="FrameworksNG.groups" name="SerieA" time="0.001"/>
  <testcase classname="FrameworksNG.groups" name="Premierleague" time="0.011"/>
  <testcase classname="FrameworksNG.groups" name="Laliga" time="0.001"/>
</testsuite> <!-- FrameworksNG.groups -->
