<?xml version="1.0" encoding="UTF-8"?>
<!-- Generated by org.testng.reporters.JUnitReportReporter -->
<testsuite hostname="DESKTOP-JCHKEUK" failures="0" tests="2" name="FrameworksNG.Parameters" time="25.010" errors="0" timestamp="28 Feb 2023 15:37:17 GMT" skipped="0">
  <testcase classname="FrameworksNG.Parameters" name="Param" time="13.640"/>
  <testcase classname="FrameworksNG.Parameters" name="Param" time="11.370"/>
</testsuite> <!-- FrameworksNG.Parameters -->
