<?xml version="1.0" encoding="UTF-8"?>
<!-- Generated by org.testng.reporters.JUnitReportReporter -->
<testsuite hostname="DESKTOP-JCHKEUK" failures="0" tests="1" name="FrameworksNG.Sample2" time="16.289" errors="0" timestamp="24 Feb 2023 15:48:54 GMT" skipped="0">
  <testcase classname="FrameworksNG.Sample2" name="Handles" time="16.289"/>
</testsuite> <!-- FrameworksNG.Sample2 -->
